{"C:\\Users\\USER\\Documents\\ALT School\\BACK-END ENGINEERING\\Js\\Online-Library-System\\authenticate.js": {"path":"C:\\Users\\USER\\Documents\\ALT School\\BACK-END ENGINEERING\\Js\\Online-Library-System\\authenticate.js","statementMap":{"0":{"start":{"line":1,"column":13},"end":{"line":1,"column":28}},"1":{"start":{"line":2,"column":11},"end":{"line":2,"column":24}},"2":{"start":{"line":4,"column":21},"end":{"line":4,"column":61}},"3":{"start":{"line":8,"column":4},"end":{"line":15,"column":6}},"4":{"start":{"line":9,"column":8},"end":{"line":14,"column":10}},"5":{"start":{"line":10,"column":12},"end":{"line":12,"column":13}},"6":{"start":{"line":11,"column":16},"end":{"line":11,"column":27}},"7":{"start":{"line":13,"column":12},"end":{"line":13,"column":38}},"8":{"start":{"line":19,"column":4},"end":{"line":55,"column":6}},"9":{"start":{"line":20,"column":21},"end":{"line":20,"column":23}},"10":{"start":{"line":22,"column":8},"end":{"line":24,"column":10}},"11":{"start":{"line":23,"column":12},"end":{"line":23,"column":28}},"12":{"start":{"line":26,"column":8},"end":{"line":54,"column":10}},"13":{"start":{"line":27,"column":31},"end":{"line":27,"column":61}},"14":{"start":{"line":28,"column":12},"end":{"line":30,"column":13}},"15":{"start":{"line":29,"column":16},"end":{"line":29,"column":65}},"16":{"start":{"line":31,"column":49},"end":{"line":31,"column":71}},"17":{"start":{"line":33,"column":26},"end":{"line":33,"column":45}},"18":{"start":{"line":35,"column":30},"end":{"line":37,"column":14}},"19":{"start":{"line":36,"column":16},"end":{"line":36,"column":62}},"20":{"start":{"line":39,"column":12},"end":{"line":41,"column":13}},"21":{"start":{"line":40,"column":16},"end":{"line":40,"column":54}},"22":{"start":{"line":43,"column":12},"end":{"line":45,"column":13}},"23":{"start":{"line":44,"column":16},"end":{"line":44,"column":53}},"24":{"start":{"line":48,"column":12},"end":{"line":50,"column":13}},"25":{"start":{"line":49,"column":16},"end":{"line":49,"column":67}},"26":{"start":{"line":52,"column":12},"end":{"line":52,"column":25}},"27":{"start":{"line":91,"column":0},"end":{"line":93,"column":1}}},"fnMap":{"0":{"name":"getAllUsers","decl":{"start":{"line":7,"column":9},"end":{"line":7,"column":20}},"loc":{"start":{"line":7,"column":30},"end":{"line":16,"column":1}},"line":7},"1":{"name":"(anonymous_1)","decl":{"start":{"line":8,"column":24},"end":{"line":8,"column":25}},"loc":{"start":{"line":8,"column":45},"end":{"line":15,"column":5}},"line":8},"2":{"name":"(anonymous_2)","decl":{"start":{"line":9,"column":43},"end":{"line":9,"column":44}},"loc":{"start":{"line":9,"column":57},"end":{"line":14,"column":9}},"line":9},"3":{"name":"AuthenticateUser","decl":{"start":{"line":18,"column":9},"end":{"line":18,"column":25}},"loc":{"start":{"line":18,"column":42},"end":{"line":57,"column":1}},"line":18},"4":{"name":"(anonymous_4)","decl":{"start":{"line":19,"column":24},"end":{"line":19,"column":25}},"loc":{"start":{"line":19,"column":45},"end":{"line":55,"column":5}},"line":19},"5":{"name":"(anonymous_5)","decl":{"start":{"line":22,"column":23},"end":{"line":22,"column":24}},"loc":{"start":{"line":22,"column":34},"end":{"line":24,"column":9}},"line":22},"6":{"name":"(anonymous_6)","decl":{"start":{"line":26,"column":22},"end":{"line":26,"column":23}},"loc":{"start":{"line":26,"column":34},"end":{"line":54,"column":9}},"line":26},"7":{"name":"(anonymous_7)","decl":{"start":{"line":35,"column":41},"end":{"line":35,"column":42}},"loc":{"start":{"line":35,"column":50},"end":{"line":37,"column":13}},"line":35}},"branchMap":{"0":{"loc":{"start":{"line":10,"column":12},"end":{"line":12,"column":13}},"type":"if","locations":[{"start":{"line":10,"column":12},"end":{"line":12,"column":13}},{"start":{},"end":{}}],"line":10},"1":{"loc":{"start":{"line":28,"column":12},"end":{"line":30,"column":13}},"type":"if","locations":[{"start":{"line":28,"column":12},"end":{"line":30,"column":13}},{"start":{},"end":{}}],"line":28},"2":{"loc":{"start":{"line":39,"column":12},"end":{"line":41,"column":13}},"type":"if","locations":[{"start":{"line":39,"column":12},"end":{"line":41,"column":13}},{"start":{},"end":{}}],"line":39},"3":{"loc":{"start":{"line":39,"column":15},"end":{"line":39,"column":46}},"type":"binary-expr","locations":[{"start":{"line":39,"column":15},"end":{"line":39,"column":25}},{"start":{"line":39,"column":29},"end":{"line":39,"column":46}}],"line":39},"4":{"loc":{"start":{"line":43,"column":12},"end":{"line":45,"column":13}},"type":"if","locations":[{"start":{"line":43,"column":12},"end":{"line":45,"column":13}},{"start":{},"end":{}}],"line":43},"5":{"loc":{"start":{"line":48,"column":12},"end":{"line":50,"column":13}},"type":"if","locations":[{"start":{"line":48,"column":12},"end":{"line":50,"column":13}},{"start":{},"end":{}}],"line":48}},"s":{"0":1,"1":1,"2":1,"3":1,"4":1,"5":1,"6":0,"7":1,"8":1,"9":1,"10":1,"11":1,"12":1,"13":1,"14":1,"15":0,"16":1,"17":1,"18":1,"19":1,"20":0,"21":0,"22":0,"23":0,"24":0,"25":0,"26":0,"27":1},"f":{"0":1,"1":1,"2":1,"3":1,"4":1,"5":1,"6":1,"7":1},"b":{"0":[0,1],"1":[0,1],"2":[0,0],"3":[0,0],"4":[0,0],"5":[0,0]},"_coverageSchema":"1a1c01bbd47fc00a2c39e90264f33305004495a9","hash":"cfbe3f4749baf1f937bdbfd79044cf18297d3ec8"}
,"C:\\Users\\USER\\Documents\\ALT School\\BACK-END ENGINEERING\\Js\\Online-Library-System\\index.js": {"path":"C:\\Users\\USER\\Documents\\ALT School\\BACK-END ENGINEERING\\Js\\Online-Library-System\\index.js","statementMap":{"0":{"start":{"line":1,"column":13},"end":{"line":1,"column":28}},"1":{"start":{"line":2,"column":13},"end":{"line":2,"column":28}},"2":{"start":{"line":3,"column":11},"end":{"line":3,"column":24}},"3":{"start":{"line":4,"column":27},"end":{"line":4,"column":52}},"4":{"start":{"line":6,"column":21},"end":{"line":6,"column":61}},"5":{"start":{"line":7,"column":21},"end":{"line":7,"column":61}},"6":{"start":{"line":8,"column":25},"end":{"line":8,"column":68}},"7":{"start":{"line":9,"column":0},"end":{"line":9,"column":13}},"8":{"start":{"line":10,"column":0},"end":{"line":10,"column":13}},"9":{"start":{"line":11,"column":0},"end":{"line":11,"column":16}},"10":{"start":{"line":14,"column":13},"end":{"line":14,"column":17}},"11":{"start":{"line":16,"column":23},"end":{"line":94,"column":1}},"12":{"start":{"line":18,"column":4},"end":{"line":93,"column":5}},"13":{"start":{"line":19,"column":8},"end":{"line":19,"column":28}},"14":{"start":{"line":20,"column":11},"end":{"line":93,"column":5}},"15":{"start":{"line":22,"column":8},"end":{"line":30,"column":14}},"16":{"start":{"line":24,"column":16},"end":{"line":24,"column":36}},"17":{"start":{"line":26,"column":16},"end":{"line":26,"column":34}},"18":{"start":{"line":27,"column":16},"end":{"line":29,"column":19}},"19":{"start":{"line":31,"column":11},"end":{"line":93,"column":5}},"20":{"start":{"line":33,"column":8},"end":{"line":41,"column":14}},"21":{"start":{"line":35,"column":16},"end":{"line":35,"column":42}},"22":{"start":{"line":37,"column":16},"end":{"line":37,"column":34}},"23":{"start":{"line":38,"column":16},"end":{"line":40,"column":19}},"24":{"start":{"line":42,"column":10},"end":{"line":93,"column":5}},"25":{"start":{"line":44,"column":8},"end":{"line":52,"column":14}},"26":{"start":{"line":46,"column":16},"end":{"line":46,"column":42}},"27":{"start":{"line":48,"column":16},"end":{"line":48,"column":34}},"28":{"start":{"line":49,"column":16},"end":{"line":51,"column":19}},"29":{"start":{"line":54,"column":10},"end":{"line":93,"column":5}},"30":{"start":{"line":56,"column":8},"end":{"line":64,"column":14}},"31":{"start":{"line":58,"column":16},"end":{"line":58,"column":42}},"32":{"start":{"line":60,"column":16},"end":{"line":60,"column":34}},"33":{"start":{"line":61,"column":16},"end":{"line":63,"column":19}},"34":{"start":{"line":65,"column":10},"end":{"line":93,"column":5}},"35":{"start":{"line":67,"column":8},"end":{"line":75,"column":14}},"36":{"start":{"line":69,"column":16},"end":{"line":69,"column":40}},"37":{"start":{"line":71,"column":16},"end":{"line":71,"column":34}},"38":{"start":{"line":72,"column":16},"end":{"line":74,"column":19}},"39":{"start":{"line":76,"column":10},"end":{"line":93,"column":5}},"40":{"start":{"line":78,"column":8},"end":{"line":86,"column":14}},"41":{"start":{"line":80,"column":16},"end":{"line":80,"column":42}},"42":{"start":{"line":82,"column":16},"end":{"line":82,"column":34}},"43":{"start":{"line":83,"column":16},"end":{"line":85,"column":19}},"44":{"start":{"line":89,"column":8},"end":{"line":89,"column":26}},"45":{"start":{"line":90,"column":8},"end":{"line":92,"column":11}},"46":{"start":{"line":96,"column":19},"end":{"line":116,"column":1}},"47":{"start":{"line":97,"column":17},"end":{"line":97,"column":19}},"48":{"start":{"line":99,"column":4},"end":{"line":101,"column":6}},"49":{"start":{"line":100,"column":8},"end":{"line":100,"column":24}},"50":{"start":{"line":102,"column":4},"end":{"line":115,"column":6}},"51":{"start":{"line":103,"column":27},"end":{"line":103,"column":57}},"52":{"start":{"line":104,"column":24},"end":{"line":104,"column":46}},"53":{"start":{"line":106,"column":8},"end":{"line":106,"column":30}},"54":{"start":{"line":107,"column":8},"end":{"line":107,"column":28}},"55":{"start":{"line":108,"column":8},"end":{"line":113,"column":10}},"56":{"start":{"line":109,"column":12},"end":{"line":111,"column":13}},"57":{"start":{"line":110,"column":16},"end":{"line":110,"column":32}},"58":{"start":{"line":112,"column":12},"end":{"line":112,"column":45}},"59":{"start":{"line":120,"column":20},"end":{"line":131,"column":1}},"60":{"start":{"line":121,"column":4},"end":{"line":130,"column":6}},"61":{"start":{"line":122,"column":8},"end":{"line":128,"column":9}},"62":{"start":{"line":123,"column":12},"end":{"line":123,"column":30}},"63":{"start":{"line":124,"column":12},"end":{"line":124,"column":28}},"64":{"start":{"line":125,"column":12},"end":{"line":127,"column":15}},"65":{"start":{"line":129,"column":8},"end":{"line":129,"column":22}},"66":{"start":{"line":133,"column":19},"end":{"line":162,"column":1}},"67":{"start":{"line":135,"column":8},"end":{"line":161,"column":10}},"68":{"start":{"line":136,"column":12},"end":{"line":140,"column":13}},"69":{"start":{"line":137,"column":16},"end":{"line":137,"column":32}},"70":{"start":{"line":138,"column":16},"end":{"line":138,"column":34}},"71":{"start":{"line":139,"column":16},"end":{"line":139,"column":43}},"72":{"start":{"line":142,"column":29},"end":{"line":142,"column":45}},"73":{"start":{"line":143,"column":29},"end":{"line":143,"column":51}},"74":{"start":{"line":145,"column":29},"end":{"line":145,"column":56}},"75":{"start":{"line":146,"column":31},"end":{"line":146,"column":42}},"76":{"start":{"line":147,"column":12},"end":{"line":147,"column":40}},"77":{"start":{"line":149,"column":12},"end":{"line":159,"column":15}},"78":{"start":{"line":150,"column":16},"end":{"line":156,"column":17}},"79":{"start":{"line":151,"column":20},"end":{"line":151,"column":37}},"80":{"start":{"line":152,"column":20},"end":{"line":152,"column":39}},"81":{"start":{"line":153,"column":20},"end":{"line":155,"column":24}},"82":{"start":{"line":158,"column":16},"end":{"line":158,"column":49}},"83":{"start":{"line":164,"column":19},"end":{"line":199,"column":1}},"84":{"start":{"line":166,"column":19},"end":{"line":166,"column":28}},"85":{"start":{"line":167,"column":4},"end":{"line":198,"column":6}},"86":{"start":{"line":168,"column":8},"end":{"line":172,"column":9}},"87":{"start":{"line":169,"column":12},"end":{"line":169,"column":28}},"88":{"start":{"line":170,"column":12},"end":{"line":170,"column":30}},"89":{"start":{"line":171,"column":12},"end":{"line":171,"column":39}},"90":{"start":{"line":173,"column":25},"end":{"line":173,"column":42}},"91":{"start":{"line":174,"column":26},"end":{"line":174,"column":72}},"92":{"start":{"line":174,"column":53},"end":{"line":174,"column":71}},"93":{"start":{"line":176,"column":8},"end":{"line":180,"column":9}},"94":{"start":{"line":177,"column":12},"end":{"line":177,"column":30}},"95":{"start":{"line":178,"column":12},"end":{"line":178,"column":60}},"96":{"start":{"line":179,"column":12},"end":{"line":179,"column":18}},"97":{"start":{"line":183,"column":8},"end":{"line":183,"column":37}},"98":{"start":{"line":185,"column":8},"end":{"line":196,"column":11}},"99":{"start":{"line":186,"column":12},"end":{"line":192,"column":13}},"100":{"start":{"line":187,"column":16},"end":{"line":187,"column":33}},"101":{"start":{"line":188,"column":16},"end":{"line":188,"column":35}},"102":{"start":{"line":189,"column":16},"end":{"line":191,"column":20}},"103":{"start":{"line":194,"column":12},"end":{"line":194,"column":30}},"104":{"start":{"line":195,"column":12},"end":{"line":195,"column":45}},"105":{"start":{"line":201,"column":19},"end":{"line":239,"column":1}},"106":{"start":{"line":203,"column":19},"end":{"line":203,"column":28}},"107":{"start":{"line":205,"column":4},"end":{"line":238,"column":6}},"108":{"start":{"line":206,"column":8},"end":{"line":210,"column":9}},"109":{"start":{"line":207,"column":12},"end":{"line":207,"column":28}},"110":{"start":{"line":208,"column":12},"end":{"line":208,"column":30}},"111":{"start":{"line":209,"column":12},"end":{"line":209,"column":39}},"112":{"start":{"line":212,"column":25},"end":{"line":212,"column":42}},"113":{"start":{"line":214,"column":26},"end":{"line":214,"column":72}},"114":{"start":{"line":214,"column":53},"end":{"line":214,"column":71}},"115":{"start":{"line":216,"column":8},"end":{"line":220,"column":9}},"116":{"start":{"line":217,"column":12},"end":{"line":217,"column":30}},"117":{"start":{"line":218,"column":12},"end":{"line":218,"column":60}},"118":{"start":{"line":219,"column":12},"end":{"line":219,"column":18}},"119":{"start":{"line":222,"column":28},"end":{"line":222,"column":65}},"120":{"start":{"line":223,"column":8},"end":{"line":223,"column":41}},"121":{"start":{"line":225,"column":8},"end":{"line":236,"column":11}},"122":{"start":{"line":226,"column":12},"end":{"line":232,"column":13}},"123":{"start":{"line":227,"column":16},"end":{"line":227,"column":33}},"124":{"start":{"line":228,"column":16},"end":{"line":228,"column":35}},"125":{"start":{"line":229,"column":16},"end":{"line":231,"column":20}},"126":{"start":{"line":234,"column":12},"end":{"line":234,"column":30}},"127":{"start":{"line":235,"column":12},"end":{"line":235,"column":43}},"128":{"start":{"line":241,"column":17},"end":{"line":291,"column":1}},"129":{"start":{"line":243,"column":22},"end":{"line":243,"column":36}},"130":{"start":{"line":245,"column":4},"end":{"line":289,"column":6}},"131":{"start":{"line":246,"column":8},"end":{"line":250,"column":9}},"132":{"start":{"line":247,"column":12},"end":{"line":247,"column":28}},"133":{"start":{"line":248,"column":12},"end":{"line":248,"column":30}},"134":{"start":{"line":249,"column":12},"end":{"line":249,"column":39}},"135":{"start":{"line":252,"column":25},"end":{"line":252,"column":42}},"136":{"start":{"line":253,"column":28},"end":{"line":253,"column":75}},"137":{"start":{"line":253,"column":50},"end":{"line":253,"column":74}},"138":{"start":{"line":254,"column":23},"end":{"line":254,"column":37}},"139":{"start":{"line":255,"column":26},"end":{"line":255,"column":72}},"140":{"start":{"line":255,"column":53},"end":{"line":255,"column":71}},"141":{"start":{"line":257,"column":8},"end":{"line":261,"column":9}},"142":{"start":{"line":258,"column":12},"end":{"line":258,"column":30}},"143":{"start":{"line":259,"column":12},"end":{"line":259,"column":60}},"144":{"start":{"line":260,"column":12},"end":{"line":260,"column":18}},"145":{"start":{"line":263,"column":8},"end":{"line":263,"column":37}},"146":{"start":{"line":264,"column":8},"end":{"line":273,"column":11}},"147":{"start":{"line":265,"column":12},"end":{"line":271,"column":13}},"148":{"start":{"line":266,"column":16},"end":{"line":266,"column":33}},"149":{"start":{"line":267,"column":16},"end":{"line":267,"column":35}},"150":{"start":{"line":268,"column":16},"end":{"line":270,"column":20}},"151":{"start":{"line":272,"column":12},"end":{"line":272,"column":30}},"152":{"start":{"line":275,"column":8},"end":{"line":275,"column":37}},"153":{"start":{"line":276,"column":8},"end":{"line":287,"column":11}},"154":{"start":{"line":277,"column":12},"end":{"line":283,"column":13}},"155":{"start":{"line":278,"column":16},"end":{"line":278,"column":33}},"156":{"start":{"line":279,"column":16},"end":{"line":279,"column":35}},"157":{"start":{"line":280,"column":16},"end":{"line":282,"column":20}},"158":{"start":{"line":285,"column":12},"end":{"line":285,"column":30}},"159":{"start":{"line":286,"column":12},"end":{"line":286,"column":38}},"160":{"start":{"line":293,"column":19},"end":{"line":345,"column":1}},"161":{"start":{"line":295,"column":22},"end":{"line":295,"column":40}},"162":{"start":{"line":297,"column":4},"end":{"line":344,"column":6}},"163":{"start":{"line":298,"column":8},"end":{"line":302,"column":9}},"164":{"start":{"line":299,"column":12},"end":{"line":299,"column":28}},"165":{"start":{"line":300,"column":12},"end":{"line":300,"column":30}},"166":{"start":{"line":301,"column":12},"end":{"line":301,"column":39}},"167":{"start":{"line":303,"column":25},"end":{"line":303,"column":42}},"168":{"start":{"line":304,"column":28},"end":{"line":304,"column":75}},"169":{"start":{"line":304,"column":50},"end":{"line":304,"column":74}},"170":{"start":{"line":305,"column":8},"end":{"line":305,"column":31}},"171":{"start":{"line":306,"column":26},"end":{"line":306,"column":72}},"172":{"start":{"line":306,"column":53},"end":{"line":306,"column":71}},"173":{"start":{"line":308,"column":8},"end":{"line":312,"column":9}},"174":{"start":{"line":309,"column":12},"end":{"line":309,"column":30}},"175":{"start":{"line":310,"column":12},"end":{"line":310,"column":60}},"176":{"start":{"line":311,"column":12},"end":{"line":311,"column":18}},"177":{"start":{"line":314,"column":8},"end":{"line":314,"column":33}},"178":{"start":{"line":315,"column":8},"end":{"line":324,"column":11}},"179":{"start":{"line":316,"column":12},"end":{"line":322,"column":13}},"180":{"start":{"line":317,"column":16},"end":{"line":317,"column":33}},"181":{"start":{"line":318,"column":16},"end":{"line":318,"column":35}},"182":{"start":{"line":319,"column":16},"end":{"line":321,"column":20}},"183":{"start":{"line":325,"column":8},"end":{"line":325,"column":26}},"184":{"start":{"line":327,"column":8},"end":{"line":327,"column":37}},"185":{"start":{"line":329,"column":8},"end":{"line":340,"column":11}},"186":{"start":{"line":330,"column":12},"end":{"line":336,"column":13}},"187":{"start":{"line":331,"column":16},"end":{"line":331,"column":33}},"188":{"start":{"line":332,"column":16},"end":{"line":332,"column":35}},"189":{"start":{"line":333,"column":16},"end":{"line":335,"column":20}},"190":{"start":{"line":341,"column":8},"end":{"line":341,"column":26}},"191":{"start":{"line":342,"column":8},"end":{"line":342,"column":41}},"192":{"start":{"line":349,"column":15},"end":{"line":349,"column":48}},"193":{"start":{"line":351,"column":0},"end":{"line":358,"column":2}},"194":{"start":{"line":353,"column":4},"end":{"line":353,"column":64}},"195":{"start":{"line":354,"column":4},"end":{"line":354,"column":64}},"196":{"start":{"line":355,"column":4},"end":{"line":355,"column":71}},"197":{"start":{"line":356,"column":4},"end":{"line":356,"column":63}},"198":{"start":{"line":360,"column":0},"end":{"line":360,"column":24}}},"fnMap":{"0":{"name":"(anonymous_0)","decl":{"start":{"line":16,"column":23},"end":{"line":16,"column":24}},"loc":{"start":{"line":16,"column":42},"end":{"line":94,"column":1}},"line":16},"1":{"name":"(anonymous_1)","decl":{"start":{"line":23,"column":18},"end":{"line":23,"column":19}},"loc":{"start":{"line":23,"column":24},"end":{"line":25,"column":13}},"line":23},"2":{"name":"(anonymous_2)","decl":{"start":{"line":25,"column":21},"end":{"line":25,"column":22}},"loc":{"start":{"line":25,"column":32},"end":{"line":30,"column":13}},"line":25},"3":{"name":"(anonymous_3)","decl":{"start":{"line":34,"column":18},"end":{"line":34,"column":19}},"loc":{"start":{"line":34,"column":28},"end":{"line":36,"column":13}},"line":34},"4":{"name":"(anonymous_4)","decl":{"start":{"line":36,"column":21},"end":{"line":36,"column":22}},"loc":{"start":{"line":36,"column":32},"end":{"line":41,"column":13}},"line":36},"5":{"name":"(anonymous_5)","decl":{"start":{"line":45,"column":18},"end":{"line":45,"column":19}},"loc":{"start":{"line":45,"column":28},"end":{"line":47,"column":13}},"line":45},"6":{"name":"(anonymous_6)","decl":{"start":{"line":47,"column":21},"end":{"line":47,"column":22}},"loc":{"start":{"line":47,"column":32},"end":{"line":52,"column":13}},"line":47},"7":{"name":"(anonymous_7)","decl":{"start":{"line":57,"column":18},"end":{"line":57,"column":19}},"loc":{"start":{"line":57,"column":28},"end":{"line":59,"column":13}},"line":57},"8":{"name":"(anonymous_8)","decl":{"start":{"line":59,"column":21},"end":{"line":59,"column":22}},"loc":{"start":{"line":59,"column":32},"end":{"line":64,"column":13}},"line":59},"9":{"name":"(anonymous_9)","decl":{"start":{"line":68,"column":18},"end":{"line":68,"column":19}},"loc":{"start":{"line":68,"column":28},"end":{"line":70,"column":13}},"line":68},"10":{"name":"(anonymous_10)","decl":{"start":{"line":70,"column":21},"end":{"line":70,"column":22}},"loc":{"start":{"line":70,"column":32},"end":{"line":75,"column":13}},"line":70},"11":{"name":"(anonymous_11)","decl":{"start":{"line":79,"column":18},"end":{"line":79,"column":19}},"loc":{"start":{"line":79,"column":28},"end":{"line":81,"column":13}},"line":79},"12":{"name":"(anonymous_12)","decl":{"start":{"line":81,"column":21},"end":{"line":81,"column":22}},"loc":{"start":{"line":81,"column":32},"end":{"line":86,"column":13}},"line":81},"13":{"name":"(anonymous_13)","decl":{"start":{"line":96,"column":19},"end":{"line":96,"column":20}},"loc":{"start":{"line":96,"column":38},"end":{"line":116,"column":1}},"line":96},"14":{"name":"(anonymous_14)","decl":{"start":{"line":99,"column":19},"end":{"line":99,"column":20}},"loc":{"start":{"line":99,"column":30},"end":{"line":101,"column":5}},"line":99},"15":{"name":"(anonymous_15)","decl":{"start":{"line":102,"column":18},"end":{"line":102,"column":19}},"loc":{"start":{"line":102,"column":24},"end":{"line":115,"column":5}},"line":102},"16":{"name":"(anonymous_16)","decl":{"start":{"line":108,"column":60},"end":{"line":108,"column":61}},"loc":{"start":{"line":108,"column":69},"end":{"line":113,"column":9}},"line":108},"17":{"name":"(anonymous_17)","decl":{"start":{"line":120,"column":20},"end":{"line":120,"column":21}},"loc":{"start":{"line":120,"column":39},"end":{"line":131,"column":1}},"line":120},"18":{"name":"(anonymous_18)","decl":{"start":{"line":121,"column":39},"end":{"line":121,"column":40}},"loc":{"start":{"line":121,"column":55},"end":{"line":130,"column":5}},"line":121},"19":{"name":"(anonymous_19)","decl":{"start":{"line":133,"column":19},"end":{"line":133,"column":20}},"loc":{"start":{"line":133,"column":47},"end":{"line":162,"column":1}},"line":133},"20":{"name":"(anonymous_20)","decl":{"start":{"line":135,"column":42},"end":{"line":135,"column":43}},"loc":{"start":{"line":135,"column":57},"end":{"line":161,"column":9}},"line":135},"21":{"name":"(anonymous_21)","decl":{"start":{"line":149,"column":65},"end":{"line":149,"column":66}},"loc":{"start":{"line":149,"column":74},"end":{"line":159,"column":13}},"line":149},"22":{"name":"(anonymous_22)","decl":{"start":{"line":164,"column":19},"end":{"line":164,"column":20}},"loc":{"start":{"line":164,"column":46},"end":{"line":199,"column":1}},"line":164},"23":{"name":"(anonymous_23)","decl":{"start":{"line":167,"column":38},"end":{"line":167,"column":39}},"loc":{"start":{"line":167,"column":54},"end":{"line":198,"column":5}},"line":167},"24":{"name":"(anonymous_24)","decl":{"start":{"line":174,"column":45},"end":{"line":174,"column":46}},"loc":{"start":{"line":174,"column":53},"end":{"line":174,"column":71}},"line":174},"25":{"name":"(anonymous_25)","decl":{"start":{"line":185,"column":61},"end":{"line":185,"column":62}},"loc":{"start":{"line":185,"column":70},"end":{"line":196,"column":9}},"line":185},"26":{"name":"(anonymous_26)","decl":{"start":{"line":201,"column":19},"end":{"line":201,"column":20}},"loc":{"start":{"line":201,"column":46},"end":{"line":239,"column":1}},"line":201},"27":{"name":"(anonymous_27)","decl":{"start":{"line":205,"column":38},"end":{"line":205,"column":39}},"loc":{"start":{"line":205,"column":54},"end":{"line":238,"column":5}},"line":205},"28":{"name":"(anonymous_28)","decl":{"start":{"line":214,"column":45},"end":{"line":214,"column":46}},"loc":{"start":{"line":214,"column":53},"end":{"line":214,"column":71}},"line":214},"29":{"name":"(anonymous_29)","decl":{"start":{"line":225,"column":61},"end":{"line":225,"column":62}},"loc":{"start":{"line":225,"column":70},"end":{"line":236,"column":9}},"line":225},"30":{"name":"(anonymous_30)","decl":{"start":{"line":241,"column":17},"end":{"line":241,"column":18}},"loc":{"start":{"line":241,"column":46},"end":{"line":291,"column":1}},"line":241},"31":{"name":"(anonymous_31)","decl":{"start":{"line":245,"column":38},"end":{"line":245,"column":39}},"loc":{"start":{"line":245,"column":54},"end":{"line":289,"column":5}},"line":245},"32":{"name":"(anonymous_32)","decl":{"start":{"line":253,"column":42},"end":{"line":253,"column":43}},"loc":{"start":{"line":253,"column":50},"end":{"line":253,"column":74}},"line":253},"33":{"name":"(anonymous_33)","decl":{"start":{"line":255,"column":45},"end":{"line":255,"column":46}},"loc":{"start":{"line":255,"column":53},"end":{"line":255,"column":71}},"line":255},"34":{"name":"(anonymous_34)","decl":{"start":{"line":264,"column":67},"end":{"line":264,"column":68}},"loc":{"start":{"line":264,"column":76},"end":{"line":273,"column":9}},"line":264},"35":{"name":"(anonymous_35)","decl":{"start":{"line":276,"column":61},"end":{"line":276,"column":62}},"loc":{"start":{"line":276,"column":70},"end":{"line":287,"column":9}},"line":276},"36":{"name":"(anonymous_36)","decl":{"start":{"line":293,"column":19},"end":{"line":293,"column":20}},"loc":{"start":{"line":293,"column":52},"end":{"line":345,"column":1}},"line":293},"37":{"name":"(anonymous_37)","decl":{"start":{"line":297,"column":42},"end":{"line":297,"column":43}},"loc":{"start":{"line":297,"column":58},"end":{"line":344,"column":5}},"line":297},"38":{"name":"(anonymous_38)","decl":{"start":{"line":304,"column":42},"end":{"line":304,"column":43}},"loc":{"start":{"line":304,"column":50},"end":{"line":304,"column":74}},"line":304},"39":{"name":"(anonymous_39)","decl":{"start":{"line":306,"column":45},"end":{"line":306,"column":46}},"loc":{"start":{"line":306,"column":53},"end":{"line":306,"column":71}},"line":306},"40":{"name":"(anonymous_40)","decl":{"start":{"line":315,"column":60},"end":{"line":315,"column":61}},"loc":{"start":{"line":315,"column":69},"end":{"line":324,"column":9}},"line":315},"41":{"name":"(anonymous_41)","decl":{"start":{"line":329,"column":65},"end":{"line":329,"column":66}},"loc":{"start":{"line":329,"column":74},"end":{"line":340,"column":9}},"line":329},"42":{"name":"(anonymous_42)","decl":{"start":{"line":351,"column":20},"end":{"line":351,"column":21}},"loc":{"start":{"line":351,"column":26},"end":{"line":358,"column":1}},"line":351}},"branchMap":{"0":{"loc":{"start":{"line":18,"column":4},"end":{"line":93,"column":5}},"type":"if","locations":[{"start":{"line":18,"column":4},"end":{"line":93,"column":5}},{"start":{"line":20,"column":11},"end":{"line":93,"column":5}}],"line":18},"1":{"loc":{"start":{"line":18,"column":8},"end":{"line":18,"column":54}},"type":"binary-expr","locations":[{"start":{"line":18,"column":8},"end":{"line":18,"column":30}},{"start":{"line":18,"column":34},"end":{"line":18,"column":54}}],"line":18},"2":{"loc":{"start":{"line":20,"column":11},"end":{"line":93,"column":5}},"type":"if","locations":[{"start":{"line":20,"column":11},"end":{"line":93,"column":5}},{"start":{"line":31,"column":11},"end":{"line":93,"column":5}}],"line":20},"3":{"loc":{"start":{"line":20,"column":14},"end":{"line":20,"column":58}},"type":"binary-expr","locations":[{"start":{"line":20,"column":14},"end":{"line":20,"column":34}},{"start":{"line":20,"column":38},"end":{"line":20,"column":58}}],"line":20},"4":{"loc":{"start":{"line":31,"column":11},"end":{"line":93,"column":5}},"type":"if","locations":[{"start":{"line":31,"column":11},"end":{"line":93,"column":5}},{"start":{"line":42,"column":10},"end":{"line":93,"column":5}}],"line":31},"5":{"loc":{"start":{"line":31,"column":14},"end":{"line":31,"column":59}},"type":"binary-expr","locations":[{"start":{"line":31,"column":14},"end":{"line":31,"column":34}},{"start":{"line":31,"column":38},"end":{"line":31,"column":59}}],"line":31},"6":{"loc":{"start":{"line":42,"column":10},"end":{"line":93,"column":5}},"type":"if","locations":[{"start":{"line":42,"column":10},"end":{"line":93,"column":5}},{"start":{"line":54,"column":10},"end":{"line":93,"column":5}}],"line":42},"7":{"loc":{"start":{"line":42,"column":13},"end":{"line":42,"column":60}},"type":"binary-expr","locations":[{"start":{"line":42,"column":13},"end":{"line":42,"column":33}},{"start":{"line":42,"column":37},"end":{"line":42,"column":60}}],"line":42},"8":{"loc":{"start":{"line":54,"column":10},"end":{"line":93,"column":5}},"type":"if","locations":[{"start":{"line":54,"column":10},"end":{"line":93,"column":5}},{"start":{"line":65,"column":10},"end":{"line":93,"column":5}}],"line":54},"9":{"loc":{"start":{"line":54,"column":13},"end":{"line":54,"column":57}},"type":"binary-expr","locations":[{"start":{"line":54,"column":13},"end":{"line":54,"column":33}},{"start":{"line":54,"column":37},"end":{"line":54,"column":57}}],"line":54},"10":{"loc":{"start":{"line":65,"column":10},"end":{"line":93,"column":5}},"type":"if","locations":[{"start":{"line":65,"column":10},"end":{"line":93,"column":5}},{"start":{"line":76,"column":10},"end":{"line":93,"column":5}}],"line":65},"11":{"loc":{"start":{"line":65,"column":13},"end":{"line":65,"column":61}},"type":"binary-expr","locations":[{"start":{"line":65,"column":13},"end":{"line":65,"column":36}},{"start":{"line":65,"column":40},"end":{"line":65,"column":61}}],"line":65},"12":{"loc":{"start":{"line":76,"column":10},"end":{"line":93,"column":5}},"type":"if","locations":[{"start":{"line":76,"column":10},"end":{"line":93,"column":5}},{"start":{"line":88,"column":9},"end":{"line":93,"column":5}}],"line":76},"13":{"loc":{"start":{"line":76,"column":13},"end":{"line":76,"column":63}},"type":"binary-expr","locations":[{"start":{"line":76,"column":13},"end":{"line":76,"column":38}},{"start":{"line":76,"column":42},"end":{"line":76,"column":63}}],"line":76},"14":{"loc":{"start":{"line":109,"column":12},"end":{"line":111,"column":13}},"type":"if","locations":[{"start":{"line":109,"column":12},"end":{"line":111,"column":13}},{"start":{},"end":{}}],"line":109},"15":{"loc":{"start":{"line":122,"column":8},"end":{"line":128,"column":9}},"type":"if","locations":[{"start":{"line":122,"column":8},"end":{"line":128,"column":9}},{"start":{},"end":{}}],"line":122},"16":{"loc":{"start":{"line":136,"column":12},"end":{"line":140,"column":13}},"type":"if","locations":[{"start":{"line":136,"column":12},"end":{"line":140,"column":13}},{"start":{},"end":{}}],"line":136},"17":{"loc":{"start":{"line":150,"column":16},"end":{"line":156,"column":17}},"type":"if","locations":[{"start":{"line":150,"column":16},"end":{"line":156,"column":17}},{"start":{},"end":{}}],"line":150},"18":{"loc":{"start":{"line":168,"column":8},"end":{"line":172,"column":9}},"type":"if","locations":[{"start":{"line":168,"column":8},"end":{"line":172,"column":9}},{"start":{},"end":{}}],"line":168},"19":{"loc":{"start":{"line":176,"column":8},"end":{"line":180,"column":9}},"type":"if","locations":[{"start":{"line":176,"column":8},"end":{"line":180,"column":9}},{"start":{},"end":{}}],"line":176},"20":{"loc":{"start":{"line":186,"column":12},"end":{"line":192,"column":13}},"type":"if","locations":[{"start":{"line":186,"column":12},"end":{"line":192,"column":13}},{"start":{},"end":{}}],"line":186},"21":{"loc":{"start":{"line":206,"column":8},"end":{"line":210,"column":9}},"type":"if","locations":[{"start":{"line":206,"column":8},"end":{"line":210,"column":9}},{"start":{},"end":{}}],"line":206},"22":{"loc":{"start":{"line":216,"column":8},"end":{"line":220,"column":9}},"type":"if","locations":[{"start":{"line":216,"column":8},"end":{"line":220,"column":9}},{"start":{},"end":{}}],"line":216},"23":{"loc":{"start":{"line":226,"column":12},"end":{"line":232,"column":13}},"type":"if","locations":[{"start":{"line":226,"column":12},"end":{"line":232,"column":13}},{"start":{},"end":{}}],"line":226},"24":{"loc":{"start":{"line":246,"column":8},"end":{"line":250,"column":9}},"type":"if","locations":[{"start":{"line":246,"column":8},"end":{"line":250,"column":9}},{"start":{},"end":{}}],"line":246},"25":{"loc":{"start":{"line":257,"column":8},"end":{"line":261,"column":9}},"type":"if","locations":[{"start":{"line":257,"column":8},"end":{"line":261,"column":9}},{"start":{},"end":{}}],"line":257},"26":{"loc":{"start":{"line":265,"column":12},"end":{"line":271,"column":13}},"type":"if","locations":[{"start":{"line":265,"column":12},"end":{"line":271,"column":13}},{"start":{},"end":{}}],"line":265},"27":{"loc":{"start":{"line":277,"column":12},"end":{"line":283,"column":13}},"type":"if","locations":[{"start":{"line":277,"column":12},"end":{"line":283,"column":13}},{"start":{},"end":{}}],"line":277},"28":{"loc":{"start":{"line":298,"column":8},"end":{"line":302,"column":9}},"type":"if","locations":[{"start":{"line":298,"column":8},"end":{"line":302,"column":9}},{"start":{},"end":{}}],"line":298},"29":{"loc":{"start":{"line":308,"column":8},"end":{"line":312,"column":9}},"type":"if","locations":[{"start":{"line":308,"column":8},"end":{"line":312,"column":9}},{"start":{},"end":{}}],"line":308},"30":{"loc":{"start":{"line":316,"column":12},"end":{"line":322,"column":13}},"type":"if","locations":[{"start":{"line":316,"column":12},"end":{"line":322,"column":13}},{"start":{},"end":{}}],"line":316},"31":{"loc":{"start":{"line":330,"column":12},"end":{"line":336,"column":13}},"type":"if","locations":[{"start":{"line":330,"column":12},"end":{"line":336,"column":13}},{"start":{},"end":{}}],"line":330}},"s":{"0":1,"1":1,"2":1,"3":1,"4":1,"5":1,"6":1,"7":1,"8":1,"9":1,"10":1,"11":1,"12":1,"13":0,"14":1,"15":1,"16":0,"17":0,"18":0,"19":0,"20":0,"21":0,"22":0,"23":0,"24":0,"25":0,"26":0,"27":0,"28":0,"29":0,"30":0,"31":0,"32":0,"33":0,"34":0,"35":0,"36":0,"37":0,"38":0,"39":0,"40":0,"41":0,"42":0,"43":0,"44":0,"45":0,"46":1,"47":0,"48":0,"49":0,"50":0,"51":0,"52":0,"53":0,"54":0,"55":0,"56":0,"57":0,"58":0,"59":1,"60":0,"61":0,"62":0,"63":0,"64":0,"65":0,"66":1,"67":0,"68":0,"69":0,"70":0,"71":0,"72":0,"73":0,"74":0,"75":0,"76":0,"77":0,"78":0,"79":0,"80":0,"81":0,"82":0,"83":1,"84":0,"85":0,"86":0,"87":0,"88":0,"89":0,"90":0,"91":0,"92":0,"93":0,"94":0,"95":0,"96":0,"97":0,"98":0,"99":0,"100":0,"101":0,"102":0,"103":0,"104":0,"105":1,"106":0,"107":0,"108":0,"109":0,"110":0,"111":0,"112":0,"113":0,"114":0,"115":0,"116":0,"117":0,"118":0,"119":0,"120":0,"121":0,"122":0,"123":0,"124":0,"125":0,"126":0,"127":0,"128":1,"129":0,"130":0,"131":0,"132":0,"133":0,"134":0,"135":0,"136":0,"137":0,"138":0,"139":0,"140":0,"141":0,"142":0,"143":0,"144":0,"145":0,"146":0,"147":0,"148":0,"149":0,"150":0,"151":0,"152":0,"153":0,"154":0,"155":0,"156":0,"157":0,"158":0,"159":0,"160":1,"161":0,"162":0,"163":0,"164":0,"165":0,"166":0,"167":0,"168":0,"169":0,"170":0,"171":0,"172":0,"173":0,"174":0,"175":0,"176":0,"177":0,"178":0,"179":0,"180":0,"181":0,"182":0,"183":0,"184":0,"185":0,"186":0,"187":0,"188":0,"189":0,"190":0,"191":0,"192":1,"193":1,"194":1,"195":1,"196":1,"197":1,"198":1},"f":{"0":1,"1":0,"2":0,"3":0,"4":0,"5":0,"6":0,"7":0,"8":0,"9":0,"10":0,"11":0,"12":0,"13":0,"14":0,"15":0,"16":0,"17":0,"18":0,"19":0,"20":0,"21":0,"22":0,"23":0,"24":0,"25":0,"26":0,"27":0,"28":0,"29":0,"30":0,"31":0,"32":0,"33":0,"34":0,"35":0,"36":0,"37":0,"38":0,"39":0,"40":0,"41":0,"42":1},"b":{"0":[0,1],"1":[1,0],"2":[1,0],"3":[1,1],"4":[0,0],"5":[0,0],"6":[0,0],"7":[0,0],"8":[0,0],"9":[0,0],"10":[0,0],"11":[0,0],"12":[0,0],"13":[0,0],"14":[0,0],"15":[0,0],"16":[0,0],"17":[0,0],"18":[0,0],"19":[0,0],"20":[0,0],"21":[0,0],"22":[0,0],"23":[0,0],"24":[0,0],"25":[0,0],"26":[0,0],"27":[0,0],"28":[0,0],"29":[0,0],"30":[0,0],"31":[0,0]},"_coverageSchema":"1a1c01bbd47fc00a2c39e90264f33305004495a9","hash":"0c2f97a1b6b0be9db0cb07bc056d95e6bba6a2eb"}
}
