TN:
SF:authenticate.js
FN:7,getAllUsers
FN:8,(anonymous_1)
FN:9,(anonymous_2)
FN:18,AuthenticateUser
FN:19,(anonymous_4)
FN:22,(anonymous_5)
FN:26,(anonymous_6)
FN:35,(anonymous_7)
FNF:8
FNH:8
FNDA:6,getAllUsers
FNDA:6,(anonymous_1)
FNDA:6,(anonymous_2)
FNDA:6,AuthenticateUser
FNDA:6,(anonymous_4)
FNDA:6,(anonymous_5)
FNDA:6,(anonymous_6)
FNDA:20,(anonymous_7)
DA:1,1
DA:2,1
DA:4,1
DA:8,6
DA:9,6
DA:10,6
DA:11,0
DA:13,6
DA:19,6
DA:20,6
DA:22,6
DA:23,6
DA:26,6
DA:27,6
DA:28,6
DA:29,0
DA:31,6
DA:33,6
DA:35,6
DA:36,20
DA:39,6
DA:40,0
DA:43,6
DA:44,0
DA:48,6
DA:49,0
DA:52,6
DA:91,1
LF:28
LH:23
BRDA:10,0,0,0
BRDA:10,0,1,6
BRDA:28,1,0,0
BRDA:28,1,1,6
BRDA:39,2,0,0
BRDA:39,2,1,6
BRDA:39,3,0,6
BRDA:39,3,1,6
BRDA:43,4,0,0
BRDA:43,4,1,6
BRDA:48,5,0,0
BRDA:48,5,1,6
BRF:12
BRH:7
end_of_record
TN:
SF:index.js
FN:16,(anonymous_0)
FN:23,(anonymous_1)
FN:25,(anonymous_2)
FN:34,(anonymous_3)
FN:36,(anonymous_4)
FN:45,(anonymous_5)
FN:47,(anonymous_6)
FN:57,(anonymous_7)
FN:59,(anonymous_8)
FN:68,(anonymous_9)
FN:70,(anonymous_10)
FN:79,(anonymous_11)
FN:81,(anonymous_12)
FN:96,(anonymous_13)
FN:99,(anonymous_14)
FN:102,(anonymous_15)
FN:108,(anonymous_16)
FN:120,(anonymous_17)
FN:121,(anonymous_18)
FN:133,(anonymous_19)
FN:135,(anonymous_20)
FN:149,(anonymous_21)
FN:164,(anonymous_22)
FN:167,(anonymous_23)
FN:174,(anonymous_24)
FN:185,(anonymous_25)
FN:201,(anonymous_26)
FN:205,(anonymous_27)
FN:214,(anonymous_28)
FN:225,(anonymous_29)
FN:241,(anonymous_30)
FN:245,(anonymous_31)
FN:253,(anonymous_32)
FN:255,(anonymous_33)
FN:264,(anonymous_34)
FN:276,(anonymous_35)
FN:293,(anonymous_36)
FN:297,(anonymous_37)
FN:304,(anonymous_38)
FN:306,(anonymous_39)
FN:315,(anonymous_40)
FN:329,(anonymous_41)
FN:351,(anonymous_42)
FNF:43
FNH:35
FNDA:7,(anonymous_0)
FNDA:1,(anonymous_1)
FNDA:0,(anonymous_2)
FNDA:1,(anonymous_3)
FNDA:0,(anonymous_4)
FNDA:1,(anonymous_5)
FNDA:0,(anonymous_6)
FNDA:1,(anonymous_7)
FNDA:0,(anonymous_8)
FNDA:1,(anonymous_9)
FNDA:0,(anonymous_10)
FNDA:1,(anonymous_11)
FNDA:0,(anonymous_12)
FNDA:1,(anonymous_13)
FNDA:1,(anonymous_14)
FNDA:1,(anonymous_15)
FNDA:1,(anonymous_16)
FNDA:1,(anonymous_17)
FNDA:1,(anonymous_18)
FNDA:1,(anonymous_19)
FNDA:1,(anonymous_20)
FNDA:1,(anonymous_21)
FNDA:1,(anonymous_22)
FNDA:1,(anonymous_23)
FNDA:4,(anonymous_24)
FNDA:1,(anonymous_25)
FNDA:1,(anonymous_26)
FNDA:1,(anonymous_27)
FNDA:1,(anonymous_28)
FNDA:1,(anonymous_29)
FNDA:1,(anonymous_30)
FNDA:1,(anonymous_31)
FNDA:4,(anonymous_32)
FNDA:4,(anonymous_33)
FNDA:1,(anonymous_34)
FNDA:1,(anonymous_35)
FNDA:1,(anonymous_36)
FNDA:1,(anonymous_37)
FNDA:1,(anonymous_38)
FNDA:1,(anonymous_39)
FNDA:0,(anonymous_40)
FNDA:0,(anonymous_41)
FNDA:1,(anonymous_42)
DA:1,1
DA:2,1
DA:3,1
DA:4,1
DA:6,1
DA:7,1
DA:8,1
DA:9,1
DA:10,1
DA:11,1
DA:14,1
DA:16,1
DA:18,7
DA:19,1
DA:20,6
DA:22,1
DA:24,1
DA:26,0
DA:27,0
DA:31,5
DA:33,1
DA:35,1
DA:37,0
DA:38,0
DA:42,4
DA:44,1
DA:46,1
DA:48,0
DA:49,0
DA:54,3
DA:56,1
DA:58,1
DA:60,0
DA:61,0
DA:65,2
DA:67,1
DA:69,1
DA:71,0
DA:72,0
DA:76,1
DA:78,1
DA:80,1
DA:82,0
DA:83,0
DA:89,0
DA:90,0
DA:96,1
DA:97,1
DA:99,1
DA:100,1
DA:102,1
DA:103,1
DA:104,1
DA:106,1
DA:107,1
DA:108,1
DA:109,1
DA:110,0
DA:112,1
DA:120,1
DA:121,1
DA:122,1
DA:123,0
DA:124,0
DA:125,0
DA:129,1
DA:133,1
DA:135,1
DA:136,1
DA:137,0
DA:138,0
DA:139,0
DA:142,1
DA:143,1
DA:145,1
DA:146,1
DA:147,1
DA:149,1
DA:150,1
DA:151,0
DA:152,0
DA:153,0
DA:157,1
DA:158,1
DA:164,1
DA:166,1
DA:167,1
DA:168,1
DA:169,0
DA:170,0
DA:171,0
DA:173,1
DA:174,4
DA:176,1
DA:177,0
DA:178,0
DA:179,0
DA:183,1
DA:185,1
DA:186,1
DA:187,0
DA:188,0
DA:189,0
DA:194,1
DA:195,1
DA:201,1
DA:203,1
DA:205,1
DA:206,1
DA:207,0
DA:208,0
DA:209,0
DA:212,1
DA:214,1
DA:216,1
DA:217,0
DA:218,0
DA:219,0
DA:222,1
DA:223,1
DA:225,1
DA:226,1
DA:227,0
DA:228,0
DA:229,0
DA:234,1
DA:235,1
DA:241,1
DA:243,1
DA:245,1
DA:246,1
DA:247,0
DA:248,0
DA:249,0
DA:252,1
DA:253,4
DA:254,1
DA:255,4
DA:257,1
DA:258,0
DA:259,0
DA:260,0
DA:263,1
DA:264,1
DA:265,1
DA:266,0
DA:267,0
DA:268,0
DA:272,1
DA:275,1
DA:276,1
DA:277,1
DA:278,0
DA:279,0
DA:280,0
DA:285,1
DA:286,1
DA:293,1
DA:295,1
DA:297,1
DA:298,1
DA:299,0
DA:300,0
DA:301,0
DA:303,1
DA:304,1
DA:305,1
DA:306,1
DA:308,1
DA:309,0
DA:310,0
DA:311,0
DA:314,1
DA:315,1
DA:316,0
DA:317,0
DA:318,0
DA:319,0
DA:325,1
DA:327,1
DA:329,1
DA:330,0
DA:331,0
DA:332,0
DA:333,0
DA:341,1
DA:342,1
DA:349,1
DA:351,1
DA:353,1
DA:354,1
DA:355,1
DA:356,1
DA:360,1
LF:194
LH:126
BRDA:18,0,0,1
BRDA:18,0,1,6
BRDA:18,1,0,7
BRDA:18,1,1,1
BRDA:20,2,0,1
BRDA:20,2,1,5
BRDA:20,3,0,6
BRDA:20,3,1,1
BRDA:31,4,0,1
BRDA:31,4,1,4
BRDA:31,5,0,5
BRDA:31,5,1,3
BRDA:42,6,0,1
BRDA:42,6,1,3
BRDA:42,7,0,4
BRDA:42,7,1,2
BRDA:54,8,0,1
BRDA:54,8,1,2
BRDA:54,9,0,3
BRDA:54,9,1,1
BRDA:65,10,0,1
BRDA:65,10,1,1
BRDA:65,11,0,2
BRDA:65,11,1,1
BRDA:76,12,0,1
BRDA:76,12,1,0
BRDA:76,13,0,1
BRDA:76,13,1,1
BRDA:109,14,0,0
BRDA:109,14,1,1
BRDA:122,15,0,0
BRDA:122,15,1,1
BRDA:136,16,0,0
BRDA:136,16,1,1
BRDA:150,17,0,0
BRDA:150,17,1,1
BRDA:168,18,0,0
BRDA:168,18,1,1
BRDA:176,19,0,0
BRDA:176,19,1,1
BRDA:186,20,0,0
BRDA:186,20,1,1
BRDA:206,21,0,0
BRDA:206,21,1,1
BRDA:216,22,0,0
BRDA:216,22,1,1
BRDA:226,23,0,0
BRDA:226,23,1,1
BRDA:246,24,0,0
BRDA:246,24,1,1
BRDA:257,25,0,0
BRDA:257,25,1,1
BRDA:265,26,0,0
BRDA:265,26,1,1
BRDA:277,27,0,0
BRDA:277,27,1,1
BRDA:298,28,0,0
BRDA:298,28,1,1
BRDA:308,29,0,0
BRDA:308,29,1,1
BRDA:316,30,0,0
BRDA:316,30,1,0
BRDA:330,31,0,0
BRDA:330,31,1,0
BRF:64
BRH:43
end_of_record
